#
# A fatal error has been detected by the Java Runtime Environment:
#
#  EXCEPTION_ACCESS_VIOLATION (0xc0000005) at pc=0x0000000056ec815a, pid=15680, tid=0x0000000000001d48
#
# JRE version: Java(TM) SE Runtime Environment (8.0_131-b11) (build 1.8.0_131-b11)
# Java VM: Java HotSpot(TM) 64-Bit Server VM (25.131-b11 mixed mode windows-amd64 compressed oops)
# Problematic frame:
# V  [jvm.dll+0x3f815a]
#
# Failed to write core dump. Minidumps are not enabled by default on client versions of Windows
#
# If you would like to submit a bug report, please visit:
#   http://bugreport.java.com/bugreport/crash.jsp
#

---------------  T H R E A D  ---------------

Current thread (0x00000000024a9800):  GCTaskThread [stack: 0x0000000012850000,0x0000000012950000] [id=7496]

siginfo: ExceptionCode=0xc0000005, reading address 0xffffffffffffffff

Registers:
RAX=0x640ac0005006fc59, RBX=0x0000000000000253, RCX=0x0000000003600348, RDX=0x0000000017590dc0
RSP=0x000000001294f720, RBP=0x0000000000000000, RSI=0x0000000017590dc0, RDI=0x0000000000000002
R8 =0x0000000086f82170, R9 =0x0000000003600348, R10=0x000000000000000c, R11=0x0000000000000253
R12=0x0000000057123518, R13=0x000000000249f470, R14=0x00000000024a9f00, R15=0x0000000000000000
RIP=0x0000000056ec815a, EFLAGS=0x0000000000010206

Top of Stack: (sp=0x000000001294f720)
0x000000001294f720:   0000000017cc12d8 0000000000000000
0x000000001294f730:   0000000017590dc0 0000000057123518
0x000000001294f740:   0000000087947308 0000000017590dc0
0x000000001294f750:   000000008794b1d8 0000000000000004
0x000000001294f760:   0000000087947308 0000000056c0afb9
0x000000001294f770:   0000000017cc1778 0000000000000006
0x000000001294f780:   00000000024a9800 000000000249f470
0x000000001294f790:   00000000024a9f10 00000000024a9f00
0x000000001294f7a0:   0000000057123518 0000000000000002
0x000000001294f7b0:   000000001976ce30 0000000000000000
0x000000001294f7c0:   0000000017590dc0 0000000056ec5ac0
0x000000001294f7d0:   0000000086f82170 0000000000000002
0x000000001294f7e0:   0000000057123518 0000000000000002
0x000000001294f7f0:   000000008794a1d0 0000000000000200
0x000000001294f800:   000000001976ce30 0000000056ec302e
0x000000001294f810:   000000006c327a75 00000000024a9800 

Instructions: (pc=0x0000000056ec815a)
0x0000000056ec813a:   00 74 28 8b 0d 65 86 3a 00 45 8b 48 08 48 8b d6
0x0000000056ec814a:   49 d3 e1 4c 03 0d 4c 86 3a 00 49 8b c9 49 8b 01
0x0000000056ec815a:   ff 90 08 01 00 00 e9 1b ff ff ff 4d 8b 48 08 48
0x0000000056ec816a:   8b d6 49 8b 01 49 8b c9 ff 90 08 01 00 00 e9 03 


Register to memory mapping:

RAX=0x640ac0005006fc59 is an unknown value
RBX=0x0000000000000253 is an unknown value
RCX=0x0000000003600348 is at entry_point+-56 in (nmethod*)0x0000000003600190
RDX=0x0000000017590dc0 is an unknown value
RSP=0x000000001294f720 is an unknown value
RBP=0x0000000000000000 is an unknown value
RSI=0x0000000017590dc0 is an unknown value
RDI=0x0000000000000002 is an unknown value
R8 =0x0000000086f82170 is an oop

[error occurred during error reporting (printing register info), id 0xc0000005]

Stack: [0x0000000012850000,0x0000000012950000],  sp=0x000000001294f720,  free space=1021k
Native frames: (J=compiled Java code, j=interpreted, Vv=VM code, C=native code)


---------------  P R O C E S S  ---------------

Java Threads: ( => current thread )
  0x000000001e19e000 JavaThread "JMX server connection timeout 140" daemon [_thread_blocked, id=14316, stack(0x0000000021db0000,0x0000000021eb0000)]
  0x000000001e19e800 JavaThread "RMI TCP Connection(8)-127.0.0.1" daemon [_thread_in_native, id=9412, stack(0x0000000022920000,0x0000000022a20000)]
  0x000000001e19d000 JavaThread "DestroyJavaVM" [_thread_blocked, id=14512, stack(0x00000000028a0000,0x00000000029a0000)]
  0x000000001e19c800 JavaThread "http-nio-9091-AsyncTimeout" daemon [_thread_blocked, id=14668, stack(0x0000000022480000,0x0000000022580000)]
  0x000000001e18b000 JavaThread "http-nio-9091-Acceptor-0" daemon [_thread_in_native, id=10644, stack(0x0000000022360000,0x0000000022460000)]
  0x000000001e18a800 JavaThread "http-nio-9091-ClientPoller-1" daemon [_thread_in_native, id=16032, stack(0x0000000022210000,0x0000000022310000)]
  0x000000001e189800 JavaThread "http-nio-9091-ClientPoller-0" daemon [_thread_in_native, id=4512, stack(0x0000000021ff0000,0x00000000220f0000)]
  0x000000001e189000 JavaThread "http-nio-9091-exec-10" daemon [_thread_blocked, id=5448, stack(0x0000000022110000,0x0000000022210000)]
  0x000000001e188000 JavaThread "http-nio-9091-exec-9" daemon [_thread_blocked, id=10248, stack(0x0000000021ed0000,0x0000000021fd0000)]
  0x000000001e187800 JavaThread "http-nio-9091-exec-8" daemon [_thread_blocked, id=13520, stack(0x0000000021c70000,0x0000000021d70000)]
  0x000000001e186800 JavaThread "http-nio-9091-exec-7" daemon [_thread_blocked, id=2592, stack(0x0000000021ac0000,0x0000000021bc0000)]
  0x000000001e186000 JavaThread "http-nio-9091-exec-6" daemon [_thread_blocked, id=15952, stack(0x00000000218d0000,0x00000000219d0000)]
  0x000000001e185000 JavaThread "http-nio-9091-exec-5" daemon [_thread_blocked, id=17152, stack(0x00000000217d0000,0x00000000218d0000)]
  0x000000001e184800 JavaThread "http-nio-9091-exec-4" daemon [_thread_blocked, id=17212, stack(0x0000000021490000,0x0000000021590000)]
  0x000000001b439000 JavaThread "http-nio-9091-exec-3" daemon [_thread_blocked, id=12832, stack(0x00000000215e0000,0x00000000216e0000)]
  0x000000001b438800 JavaThread "http-nio-9091-exec-2" daemon [_thread_blocked, id=2996, stack(0x0000000021360000,0x0000000021460000)]
  0x000000001b437800 JavaThread "http-nio-9091-exec-1" daemon [_thread_blocked, id=15192, stack(0x000000001dbf0000,0x000000001dcf0000)]
  0x000000001b437000 JavaThread "NioBlockingSelector.BlockPoller-1" daemon [_thread_in_native, id=7968, stack(0x000000001c120000,0x000000001c220000)]
  0x000000001b42c800 JavaThread "pool-1-thread-3" [_thread_blocked, id=16496, stack(0x00000000210b0000,0x00000000211b0000)]
  0x000000001b42b800 JavaThread "springCloudBus.anonymous.Fx1n0p9NRZyLb-IU09wStg-1" [_thread_blocked, id=14780, stack(0x000000001daf0000,0x000000001dbf0000)]
  0x000000001b436000 JavaThread "DiscoveryClient-InstanceInfoReplicator-0" daemon [_thread_blocked, id=15920, stack(0x0000000021250000,0x0000000021350000)]
  0x000000001b435800 JavaThread "DiscoveryClient-1" daemon [_thread_blocked, id=8928, stack(0x0000000020fb0000,0x00000000210b0000)]
  0x000000001b434800 JavaThread "DiscoveryClient-0" daemon [_thread_blocked, id=9160, stack(0x0000000020df0000,0x0000000020ef0000)]
  0x000000001b434000 JavaThread "AsyncResolver-bootstrap-0" daemon [_thread_blocked, id=17232, stack(0x000000001f210000,0x000000001f310000)]
  0x000000001b433000 JavaThread "Eureka-JerseyClient-Conn-Cleaner2" daemon [_thread_blocked, id=11656, stack(0x0000000020a30000,0x0000000020b30000)]
  0x000000001b432800 JavaThread "pool-1-thread-2" [_thread_blocked, id=15248, stack(0x0000000020510000,0x0000000020610000)]
  0x000000001b431800 JavaThread "AMQP Connection 192.168.99.100:5672" [_thread_in_native, id=10144, stack(0x00000000203f0000,0x00000000204f0000)]
  0x000000001b431000 JavaThread "container-0" [_thread_blocked, id=17120, stack(0x000000001fee0000,0x000000001ffe0000)]
  0x000000001b430000 JavaThread "ContainerBackgroundProcessor[StandardEngine[Tomcat]]" daemon [_thread_blocked, id=10572, stack(0x000000001f750000,0x000000001f850000)]
  0x000000001b42f800 JavaThread "RMI TCP Connection(6)-127.0.0.1" daemon [_thread_blocked, id=12840, stack(0x000000001f650000,0x000000001f750000)]
  0x000000001b42e800 JavaThread "SimplePauseDetectorThread_0" daemon [_thread_blocked, id=13472, stack(0x000000001f310000,0x000000001f410000)]
  0x000000001b42e000 JavaThread "Thread-53" daemon [_thread_blocked, id=17068, stack(0x000000001f110000,0x000000001f210000)]
  0x000000001b42d000 JavaThread "spring.cloud.inetutils" daemon [_thread_blocked, id=13660, stack(0x000000001ef80000,0x000000001f080000)]
  0x000000001b42a000 JavaThread "RMI TCP Connection(5)-127.0.0.1" daemon [_thread_in_native, id=15796, stack(0x000000001c940000,0x000000001ca40000)]
  0x00000000197ba800 JavaThread "RMI TCP Connection(7)-127.0.0.1" daemon [_thread_in_native, id=15820, stack(0x000000001a6c0000,0x000000001a7c0000)]
  0x00000000197b7800 JavaThread "RMI Scheduler(0)" daemon [_thread_blocked, id=14844, stack(0x000000001acb0000,0x000000001adb0000)]
  0x00000000197b7000 JavaThread "RMI TCP Accept-0" daemon [_thread_in_native, id=14084, stack(0x000000001aba0000,0x000000001aca0000)]
  0x00000000197a7800 JavaThread "RMI TCP Connection(1)-127.0.0.1" daemon [_thread_in_native, id=16536, stack(0x000000001a9b0000,0x000000001aab0000)]
  0x000000001979c000 JavaThread "RMI TCP Accept-3371" daemon [_thread_in_native, id=15552, stack(0x000000001a7d0000,0x000000001a8d0000)]
  0x000000001979a000 JavaThread "RMI TCP Accept-0" daemon [_thread_in_native, id=11536, stack(0x000000001a500000,0x000000001a600000)]
  0x00000000194de000 JavaThread "Service Thread" daemon [_thread_blocked, id=11764, stack(0x0000000019f80000,0x000000001a080000)]
  0x000000001947d000 JavaThread "C1 CompilerThread2" daemon [_thread_blocked, id=12808, stack(0x0000000019de0000,0x0000000019ee0000)]
  0x0000000019478000 JavaThread "C2 CompilerThread1" daemon [_thread_blocked, id=12556, stack(0x0000000019960000,0x0000000019a60000)]
  0x0000000019476800 JavaThread "C2 CompilerThread0" daemon [_thread_blocked, id=6020, stack(0x0000000019bf0000,0x0000000019cf0000)]
  0x0000000019475000 JavaThread "Monitor Ctrl-Break" daemon [_thread_in_native, id=9260, stack(0x0000000019a80000,0x0000000019b80000)]
  0x0000000018ad3000 JavaThread "Attach Listener" daemon [_thread_blocked, id=10532, stack(0x0000000019040000,0x0000000019140000)]
  0x0000000018ad2800 JavaThread "Signal Dispatcher" daemon [_thread_blocked, id=14516, stack(0x0000000018890000,0x0000000018990000)]
  0x0000000017643800 JavaThread "Finalizer" daemon [_thread_blocked, id=3164, stack(0x00000000189c0000,0x0000000018ac0000)]
  0x00000000175fc800 JavaThread "Reference Handler" daemon [_thread_blocked, id=7148, stack(0x0000000018770000,0x0000000018870000)]

Other Threads:
  0x00000000175f4800 VMThread [stack: 0x0000000018640000,0x0000000018740000] [id=14928]
  0x00000000197bd800 WatcherThread [stack: 0x000000001add0000,0x000000001aed0000] [id=16592]

=>0x00000000024a9800 (exited) GCTaskThread [stack: 0x0000000012850000,0x0000000012950000] [id=7496]

VM state:at safepoint (normal execution)

VM Mutex/Monitor currently owned by a thread:  ([mutex/lock_event])
[0x0000000002489500] Threads_lock - owner thread: 0x00000000175f4800
[0x0000000002489a00] Heap_lock - owner thread: 0x000000001b42f800

Heap:
 PSYoungGen      total 418304K, used 13974K [0x00000000d6e00000, 0x00000000f8e80000, 0x0000000100000000)
  eden space 401408K, 0% used [0x00000000d6e00000,0x00000000d6e00000,0x00000000ef600000)
  from space 16896K, 82% used [0x00000000ef600000,0x00000000f03a58e0,0x00000000f0680000)
  to   space 17920K, 0% used [0x00000000f7d00000,0x00000000f7d00000,0x00000000f8e80000)
 ParOldGen       total 75264K, used 51516K [0x0000000084a00000, 0x0000000089380000, 0x00000000d6e00000)
  object space 75264K, 68% used [0x0000000084a00000,0x0000000087c4f250,0x0000000089380000)
 Metaspace       used 55866K, capacity 59036K, committed 59096K, reserved 1099776K
  class space    used 7742K, capacity 8295K, committed 8320K, reserved 1048576K

Card table byte_map: [0x0000000011ea0000,0x0000000012280000] byte_map_base: 0x0000000011a7b000

Marking Bits: (ParMarkBitMap*) 0x00000000572ec720
 Begin Bits: [0x0000000012ad0000, 0x00000000149a8000)
 End Bits:   [0x00000000149a8000, 0x0000000016880000)

Polling page: 0x0000000000230000

CodeCache: size=245760Kb used=12409Kb max_used=12409Kb free=233350Kb
 bounds [0x0000000002ae0000, 0x0000000003700000, 0x0000000011ae0000]
 total_blobs=6691 nmethods=6141 adapters=461
 compilation: enabled

Compilation events (10 events):
Event: 43.191 Thread 0x000000001947d000 6234       1       java.security.Provider::check (18 bytes)
Event: 43.192 Thread 0x000000001947d000 nmethod 6234 0x00000000036fd190 code [0x00000000036fd320, 0x00000000036fd5e8]
Event: 43.192 Thread 0x000000001947d000 6236       1       java.security.Provider::checkLegacy (41 bytes)
Event: 43.193 Thread 0x000000001947d000 nmethod 6236 0x00000000036fd7d0 code [0x00000000036fd940, 0x00000000036fdb88]
Event: 43.196 Thread 0x000000001947d000 6237       1       java.net.URI$Parser::parseHierarchical (180 bytes)
Event: 43.197 Thread 0x000000001947d000 nmethod 6237 0x00000000036fdc90 code [0x00000000036fdec0, 0x00000000036fe6a8]
Event: 43.197 Thread 0x000000001947d000 6238       1       java.net.URI::access$1200 (4 bytes)
Event: 43.198 Thread 0x000000001947d000 nmethod 6238 0x00000000036fee10 code [0x00000000036fef60, 0x00000000036ff050]
Event: 43.200 Thread 0x000000001947d000 6239  s    1       java.io.FileDescriptor::attach (73 bytes)
Event: 43.201 Thread 0x000000001947d000 nmethod 6239 0x00000000036ff290 code [0x00000000036ff420, 0x00000000036ff928]

GC Heap History (10 events):
Event: 17.940 GC heap after
Heap after GC invocations=11 (full 2):
 PSYoungGen      total 231936K, used 0K [0x00000000d6e00000, 0x00000000ed100000, 0x0000000100000000)
  eden space 217600K, 0% used [0x00000000d6e00000,0x00000000d6e00000,0x00000000e4280000)
  from space 14336K, 0% used [0x00000000e4280000,0x00000000e4280000,0x00000000e5080000)
  to   space 17920K, 0% used [0x00000000ebf80000,0x00000000ebf80000,0x00000000ed100000)
 ParOldGen       total 75264K, used 23611K [0x0000000084a00000, 0x0000000089380000, 0x00000000d6e00000)
  object space 75264K, 31% used [0x0000000084a00000,0x000000008610ed48,0x0000000089380000)
 Metaspace       used 33970K, capacity 35396K, committed 35456K, reserved 1079296K
  class space    used 4640K, capacity 4934K, committed 4992K, reserved 1048576K
}
Event: 27.974 GC heap before
{Heap before GC invocations=12 (full 2):
 PSYoungGen      total 231936K, used 217600K [0x00000000d6e00000, 0x00000000ed100000, 0x0000000100000000)
  eden space 217600K, 100% used [0x00000000d6e00000,0x00000000e4280000,0x00000000e4280000)
  from space 14336K, 0% used [0x00000000e4280000,0x00000000e4280000,0x00000000e5080000)
  to   space 17920K, 0% used [0x00000000ebf80000,0x00000000ebf80000,0x00000000ed100000)
 ParOldGen       total 75264K, used 23611K [0x0000000084a00000, 0x0000000089380000, 0x00000000d6e00000)
  object space 75264K, 31% used [0x0000000084a00000,0x000000008610ed48,0x0000000089380000)
 Metaspace       used 38183K, capacity 40230K, committed 40576K, reserved 1083392K
  class space    used 5271K, capacity 5653K, committed 5760K, reserved 1048576K
Event: 27.987 GC heap after
Heap after GC invocations=12 (full 2):
 PSYoungGen      total 307200K, used 8413K [0x00000000d6e00000, 0x00000000ec800000, 0x0000000100000000)
  eden space 298496K, 0% used [0x00000000d6e00000,0x00000000d6e00000,0x00000000e9180000)
  from space 8704K, 96% used [0x00000000ebf80000,0x00000000ec7b7408,0x00000000ec800000)
  to   space 16896K, 0% used [0x00000000ea700000,0x00000000ea700000,0x00000000eb780000)
 ParOldGen       total 75264K, used 23619K [0x0000000084a00000, 0x0000000089380000, 0x00000000d6e00000)
  object space 75264K, 31% used [0x0000000084a00000,0x0000000086110d48,0x0000000089380000)
 Metaspace       used 38183K, capacity 40230K, committed 40576K, reserved 1083392K
  class space    used 5271K, capacity 5653K, committed 5760K, reserved 1048576K
}
Event: 32.293 GC heap before
{Heap before GC invocations=13 (full 2):
 PSYoungGen      total 307200K, used 306909K [0x00000000d6e00000, 0x00000000ec800000, 0x0000000100000000)
  eden space 298496K, 100% used [0x00000000d6e00000,0x00000000e9180000,0x00000000e9180000)
  from space 8704K, 96% used [0x00000000ebf80000,0x00000000ec7b7408,0x00000000ec800000)
  to   space 16896K, 0% used [0x00000000ea700000,0x00000000ea700000,0x00000000eb780000)
 ParOldGen       total 75264K, used 23619K [0x0000000084a00000, 0x0000000089380000, 0x00000000d6e00000)
  object space 75264K, 31% used [0x0000000084a00000,0x0000000086110d48,0x0000000089380000)
 Metaspace       used 42569K, capacity 44800K, committed 44928K, reserved 1087488K
  class space    used 5860K, capacity 6258K, committed 6272K, reserved 1048576K
Event: 32.315 GC heap after
Heap after GC invocations=13 (full 2):
 PSYoungGen      total 337408K, used 11315K [0x00000000d6e00000, 0x00000000f1780000, 0x0000000100000000)
  eden space 320512K, 0% used [0x00000000d6e00000,0x00000000d6e00000,0x00000000ea700000)
  from space 16896K, 66% used [0x00000000ea700000,0x00000000eb20cf98,0x00000000eb780000)
  to   space 17408K, 0% used [0x00000000f0680000,0x00000000f0680000,0x00000000f1780000)
 ParOldGen       total 75264K, used 28516K [0x0000000084a00000, 0x0000000089380000, 0x00000000d6e00000)
  object space 75264K, 37% used [0x0000000084a00000,0x00000000865d90b0,0x0000000089380000)
 Metaspace       used 42569K, capacity 44800K, committed 44928K, reserved 1087488K
  class space    used 5860K, capacity 6258K, committed 6272K, reserved 1048576K
}
Event: 37.942 GC heap before
{Heap before GC invocations=14 (full 2):
 PSYoungGen      total 337408K, used 331827K [0x00000000d6e00000, 0x00000000f1780000, 0x0000000100000000)
  eden space 320512K, 100% used [0x00000000d6e00000,0x00000000ea700000,0x00000000ea700000)
  from space 16896K, 66% used [0x00000000ea700000,0x00000000eb20cf98,0x00000000eb780000)
  to   space 17408K, 0% used [0x00000000f0680000,0x00000000f0680000,0x00000000f1780000)
 ParOldGen       total 75264K, used 28516K [0x0000000084a00000, 0x0000000089380000, 0x00000000d6e00000)
  object space 75264K, 37% used [0x0000000084a00000,0x00000000865d90b0,0x0000000089380000)
 Metaspace       used 45471K, capacity 48298K, committed 48640K, reserved 1091584K
  class space    used 6303K, capacity 6806K, committed 6912K, reserved 1048576K
Event: 37.970 GC heap after
Heap after GC invocations=14 (full 2):
 PSYoungGen      total 418816K, used 10359K [0x00000000d6e00000, 0x00000000f2b00000, 0x0000000100000000)
  eden space 401408K, 0% used [0x00000000d6e00000,0x00000000d6e00000,0x00000000ef600000)
  from space 17408K, 59% used [0x00000000f0680000,0x00000000f109df28,0x00000000f1780000)
  to   space 16896K, 0% used [0x00000000ef600000,0x00000000ef600000,0x00000000f0680000)
 ParOldGen       total 75264K, used 36896K [0x0000000084a00000, 0x0000000089380000, 0x00000000d6e00000)
  object space 75264K, 49% used [0x0000000084a00000,0x0000000086e08130,0x0000000089380000)
 Metaspace       used 45471K, capacity 48298K, committed 48640K, reserved 1091584K
  class space    used 6303K, capacity 6806K, committed 6912K, reserved 1048576K
}
Event: 43.202 GC heap before
{Heap before GC invocations=15 (full 2):
 PSYoungGen      total 418816K, used 232483K [0x00000000d6e00000, 0x00000000f2b00000, 0x0000000100000000)
  eden space 401408K, 55% used [0x00000000d6e00000,0x00000000e46eaf08,0x00000000ef600000)
  from space 17408K, 59% used [0x00000000f0680000,0x00000000f109df28,0x00000000f1780000)
  to   space 16896K, 0% used [0x00000000ef600000,0x00000000ef600000,0x00000000f0680000)
 ParOldGen       total 75264K, used 36896K [0x0000000084a00000, 0x0000000089380000, 0x00000000d6e00000)
  object space 75264K, 49% used [0x0000000084a00000,0x0000000086e08130,0x0000000089380000)
 Metaspace       used 55866K, capacity 59036K, committed 59096K, reserved 1099776K
  class space    used 7742K, capacity 8295K, committed 8320K, reserved 1048576K
Event: 43.240 GC heap after
Heap after GC invocations=15 (full 2):
 PSYoungGen      total 418304K, used 13974K [0x00000000d6e00000, 0x00000000f8e80000, 0x0000000100000000)
  eden space 401408K, 0% used [0x00000000d6e00000,0x00000000d6e00000,0x00000000ef600000)
  from space 16896K, 82% used [0x00000000ef600000,0x00000000f03a58e0,0x00000000f0680000)
  to   space 17920K, 0% used [0x00000000f7d00000,0x00000000f7d00000,0x00000000f8e80000)
 ParOldGen       total 75264K, used 51516K [0x0000000084a00000, 0x0000000089380000, 0x00000000d6e00000)
  object space 75264K, 68% used [0x0000000084a00000,0x0000000087c4f250,0x0000000089380000)
 Metaspace       used 55866K, capacity 59036K, committed 59096K, reserved 1099776K
  class space    used 7742K, capacity 8295K, committed 8320K, reserved 1048576K
}
Event: 43.240 GC heap before
{Heap before GC invocations=16 (full 3):
 PSYoungGen      total 418304K, used 13974K [0x00000000d6e00000, 0x00000000f8e80000, 0x0000000100000000)
  eden space 401408K, 0% used [0x00000000d6e00000,0x00000000d6e00000,0x00000000ef600000)
  from space 16896K, 82% used [0x00000000ef600000,0x00000000f03a58e0,0x00000000f0680000)
  to   space 17920K, 0% used [0x00000000f7d00000,0x00000000f7d00000,0x00000000f8e80000)
 ParOldGen       total 75264K, used 51516K [0x0000000084a00000, 0x0000000089380000, 0x00000000d6e00000)
  object space 75264K, 68% used [0x0000000084a00000,0x0000000087c4f250,0x0000000089380000)
 Metaspace       used 55866K, capacity 59036K, committed 59096K, reserved 1099776K
  class space    used 7742K, capacity 8295K, committed 8320K, reserved 1048576K

Deoptimization events (0 events):
No events

Internal exceptions (10 events):
Event: 42.181 Thread 0x000000001e19e800 Exception <a 'java/lang/ArrayIndexOutOfBoundsException'> (0x00000000e332e2e0) thrown at [C:\re\workspace\8-2-build-windows-amd64-cygwin\jdk8u131\8869\hotspot\src\share\vm\runtime\sharedRuntime.cpp, line 605]
Event: 42.182 Thread 0x000000001e19e800 Exception <a 'java/lang/ArrayIndexOutOfBoundsException'> (0x00000000e33317c0) thrown at [C:\re\workspace\8-2-build-windows-amd64-cygwin\jdk8u131\8869\hotspot\src\share\vm\runtime\sharedRuntime.cpp, line 605]
Event: 42.182 Thread 0x000000001e19e800 Exception <a 'java/lang/ArrayIndexOutOfBoundsException'> (0x00000000e3334690) thrown at [C:\re\workspace\8-2-build-windows-amd64-cygwin\jdk8u131\8869\hotspot\src\share\vm\runtime\sharedRuntime.cpp, line 605]
Event: 42.183 Thread 0x000000001e19e800 Exception <a 'java/lang/ArrayIndexOutOfBoundsException'> (0x00000000e3336c48) thrown at [C:\re\workspace\8-2-build-windows-amd64-cygwin\jdk8u131\8869\hotspot\src\share\vm\runtime\sharedRuntime.cpp, line 605]
Event: 42.184 Thread 0x000000001e19e800 Exception <a 'java/lang/ArrayIndexOutOfBoundsException'> (0x00000000e3347910) thrown at [C:\re\workspace\8-2-build-windows-amd64-cygwin\jdk8u131\8869\hotspot\src\share\vm\runtime\sharedRuntime.cpp, line 605]
Event: 42.189 Thread 0x000000001e19e800 Exception <a 'java/lang/ArrayIndexOutOfBoundsException'> (0x00000000e3370c98) thrown at [C:\re\workspace\8-2-build-windows-amd64-cygwin\jdk8u131\8869\hotspot\src\share\vm\runtime\sharedRuntime.cpp, line 605]
Event: 42.201 Thread 0x000000001e19e800 Exception <a 'java/lang/ArrayIndexOutOfBoundsException'> (0x00000000e33cd3f0) thrown at [C:\re\workspace\8-2-build-windows-amd64-cygwin\jdk8u131\8869\hotspot\src\share\vm\runtime\sharedRuntime.cpp, line 605]
Event: 42.544 Thread 0x000000001b42f800 Exception <a 'java/lang/ArrayIndexOutOfBoundsException'> (0x00000000e3068e40) thrown at [C:\re\workspace\8-2-build-windows-amd64-cygwin\jdk8u131\8869\hotspot\src\share\vm\runtime\sharedRuntime.cpp, line 605]
Event: 42.544 Thread 0x000000001b42f800 Exception <a 'java/lang/ArrayIndexOutOfBoundsException'> (0x00000000e306a478) thrown at [C:\re\workspace\8-2-build-windows-amd64-cygwin\jdk8u131\8869\hotspot\src\share\vm\runtime\sharedRuntime.cpp, line 605]
Event: 42.544 Thread 0x000000001b42f800 Exception <a 'java/lang/ArrayIndexOutOfBoundsException'> (0x00000000e306d440) thrown at [C:\re\workspace\8-2-build-windows-amd64-cygwin\jdk8u131\8869\hotspot\src\share\vm\runtime\sharedRuntime.cpp, line 605]

Events (10 events):
Event: 43.199 loading class sun/security/ssl/AppOutputStream done
Event: 43.199 loading class sun/security/ssl/OutputRecord
Event: 43.199 loading class sun/security/ssl/OutputRecord done
Event: 43.199 Executing VM operation: Deoptimize
Event: 43.200 Executing VM operation: Deoptimize done
Event: 43.200 loading class sun/security/ssl/ClientHandshaker
Event: 43.201 loading class sun/security/ssl/Handshaker
Event: 43.202 loading class sun/security/ssl/Handshaker done
Event: 43.202 loading class sun/security/ssl/ClientHandshaker done
Event: 43.202 Executing VM operation: CollectForMetadataAllocation


Dynamic libraries:
0x000000013fbf0000 - 0x000000013fc27000 	C:\Program Files\Java\jdk1.8.0_131\bin\java.exe
0x00000000770c0000 - 0x000000007726a000 	C:\Windows\SYSTEM32\ntdll.dll
0x0000000076ea0000 - 0x0000000076fbf000 	C:\Windows\system32\kernel32.dll
0x000007fefd100000 - 0x000007fefd16a000 	C:\Windows\system32\KERNELBASE.dll
0x000007feff2f0000 - 0x000007feff3cb000 	C:\Windows\system32\ADVAPI32.dll
0x000007fefd4e0000 - 0x000007fefd57f000 	C:\Windows\system32\msvcrt.dll
0x000007fefead0000 - 0x000007fefeaef000 	C:\Windows\SYSTEM32\sechost.dll
0x000007fefecf0000 - 0x000007fefee1d000 	C:\Windows\system32\RPCRT4.dll
0x0000000076fc0000 - 0x00000000770ba000 	C:\Windows\system32\USER32.dll
0x000007fefe5c0000 - 0x000007fefe627000 	C:\Windows\system32\GDI32.dll
0x000007fefeaf0000 - 0x000007fefeafe000 	C:\Windows\system32\LPK.dll
0x000007fefeb00000 - 0x000007fefebcb000 	C:\Windows\system32\USP10.dll
0x000007fefb1e0000 - 0x000007fefb3d4000 	C:\Windows\WinSxS\amd64_microsoft.windows.common-controls_6595b64144ccf1df_6.0.7601.18837_none_fa3b1e3d17594757\COMCTL32.dll
0x000007fefec70000 - 0x000007fefece1000 	C:\Windows\system32\SHLWAPI.dll
0x000007fefd5e0000 - 0x000007fefd60e000 	C:\Windows\system32\IMM32.DLL
0x000007fefe4b0000 - 0x000007fefe5b9000 	C:\Windows\system32\MSCTF.dll
0x0000000057370000 - 0x0000000057442000 	C:\Program Files\Java\jdk1.8.0_131\jre\bin\msvcr100.dll
0x0000000056ad0000 - 0x000000005736c000 	C:\Program Files\Java\jdk1.8.0_131\jre\bin\server\jvm.dll
0x000007fefa7e0000 - 0x000007fefa7e9000 	C:\Windows\system32\WSOCK32.dll
0x000007fefe440000 - 0x000007fefe48d000 	C:\Windows\system32\WS2_32.dll
0x000007fefe630000 - 0x000007fefe638000 	C:\Windows\system32\NSI.dll
0x000007fefadf0000 - 0x000007fefae2b000 	C:\Windows\system32\WINMM.dll
0x000007fefbde0000 - 0x000007fefbdec000 	C:\Windows\system32\VERSION.dll
0x0000000077290000 - 0x0000000077297000 	C:\Windows\system32\PSAPI.DLL
0x000000005ed60000 - 0x000000005ed6f000 	C:\Program Files\Java\jdk1.8.0_131\jre\bin\verify.dll
0x000000005d310000 - 0x000000005d339000 	C:\Program Files\Java\jdk1.8.0_131\jre\bin\java.dll
0x0000000055b30000 - 0x0000000055b53000 	C:\Program Files\Java\jdk1.8.0_131\jre\bin\instrument.dll
0x000000005c4c0000 - 0x000000005c4d6000 	C:\Program Files\Java\jdk1.8.0_131\jre\bin\zip.dll
0x000007fefd610000 - 0x000007fefe39b000 	C:\Windows\system32\SHELL32.dll
0x000007feff0f0000 - 0x000007feff2ec000 	C:\Windows\system32\ole32.dll
0x000007fefcdc0000 - 0x000007fefcdcf000 	C:\Windows\system32\profapi.dll
0x000007fee44a0000 - 0x000007fee44ba000 	C:\Program Files\JetBrains\IntelliJ IDEA 2018.2.1\bin\breakgen64.dll
0x0000000057b00000 - 0x0000000057b1a000 	C:\Program Files\Java\jdk1.8.0_131\jre\bin\net.dll
0x000007fefc540000 - 0x000007fefc595000 	C:\Windows\system32\mswsock.dll
0x000007fefc530000 - 0x000007fefc537000 	C:\Windows\System32\wship6.dll
0x0000000055fc0000 - 0x0000000055fcd000 	C:\Program Files\Java\jdk1.8.0_131\jre\bin\management.dll
0x0000000056ab0000 - 0x0000000056ac1000 	C:\Program Files\Java\jdk1.8.0_131\jre\bin\nio.dll
0x000007fef81a0000 - 0x000007fef81c6000 	C:\Program Files (x86)\Sangfor\SSL\ClientComponent\SangforNspX64.dll
0x000007fefe9f0000 - 0x000007fefeaca000 	C:\Windows\system32\OLEAUT32.dll
0x000007fefae70000 - 0x000007fefae85000 	C:\Windows\system32\NLAapi.dll
0x000007fef4960000 - 0x000007fef4975000 	C:\Windows\system32\napinsp.dll
0x000007fef4940000 - 0x000007fef4959000 	C:\Windows\system32\pnrpnsp.dll
0x000007fefc3c0000 - 0x000007fefc41b000 	C:\Windows\system32\DNSAPI.dll
0x000007fef4930000 - 0x000007fef493b000 	C:\Windows\System32\winrnr.dll
0x000007fef3f20000 - 0x000007fef3f30000 	C:\Windows\system32\wshbth.dll
0x000007fefbdf0000 - 0x000007fefbf6a000 	C:\Program Files (x86)\Sangfor\SSL\ClientComponent\SangforTcpX64.dll
0x000007fefcdd0000 - 0x000007fefce0b000 	C:\Windows\system32\WINTRUST.dll
0x000007fefcf70000 - 0x000007fefd0dd000 	C:\Windows\system32\CRYPT32.dll
0x000007fefcdb0000 - 0x000007fefcdbf000 	C:\Windows\system32\MSASN1.dll
0x000007fefbdd0000 - 0x000007fefbdd7000 	C:\Windows\System32\wshtcpip.dll
0x000007fefa7b0000 - 0x000007fefa7d7000 	C:\Windows\system32\IPHLPAPI.DLL
0x000007fefa7a0000 - 0x000007fefa7ab000 	C:\Windows\system32\WINNSI.DLL
0x000007fef8040000 - 0x000007fef8048000 	C:\Windows\system32\rasadhlp.dll
0x000007fef9810000 - 0x000007fef9863000 	C:\Windows\System32\fwpuclnt.dll
0x000007fefc5a0000 - 0x000007fefc5b8000 	C:\Windows\system32\CRYPTSP.dll
0x000007fefc2a0000 - 0x000007fefc2e7000 	C:\Windows\system32\rsaenh.dll
0x000007fefce50000 - 0x000007fefce6e000 	C:\Windows\system32\USERENV.dll
0x000007fefcc10000 - 0x000007fefcc1f000 	C:\Windows\system32\CRYPTBASE.dll
0x000007fef97f0000 - 0x000007fef9801000 	C:\Windows\system32\dhcpcsvc6.DLL
0x000007fef97d0000 - 0x000007fef97e8000 	C:\Windows\system32\dhcpcsvc.DLL
0x0000000051e40000 - 0x0000000051e64000 	C:\Program Files\Java\jdk1.8.0_131\jre\bin\sunec.dll
0x000007fefcbb0000 - 0x000007fefcc07000 	C:\Windows\system32\apphelp.dll
0x0000000071a90000 - 0x0000000071a9b000 	C:\Program Files\Java\jdk1.8.0_131\jre\bin\sunmscapi.dll
0x000007fefa7f0000 - 0x000007fefa915000 	C:\Windows\system32\dbghelp.dll

VM Arguments:
jvm_args: -Dserver.port=9091 -XX:TieredStopAtLevel=1 -Xverify:none -Dspring.output.ansi.enabled=always -Dcom.sun.management.jmxremote -Dcom.sun.management.jmxremote.port=3371 -Dcom.sun.management.jmxremote.authenticate=false -Dcom.sun.management.jmxremote.ssl=false -Djava.rmi.server.hostname=localhost -Dspring.liveBeansView.mbeanDomain -Dspring.application.admin.enabled=true -javaagent:C:\Program Files\JetBrains\IntelliJ IDEA 2018.2.1\lib\idea_rt.jar=3372:C:\Program Files\JetBrains\IntelliJ IDEA 2018.2.1\bin -Dfile.encoding=UTF-8 
java_command: com.imooc.config.ConfigApplication
java_class_path (initial): C:\Program Files\Java\jdk1.8.0_131\jre\lib\charsets.jar;C:\Program Files\Java\jdk1.8.0_131\jre\lib\deploy.jar;C:\Program Files\Java\jdk1.8.0_131\jre\lib\ext\access-bridge-64.jar;C:\Program Files\Java\jdk1.8.0_131\jre\lib\ext\cldrdata.jar;C:\Program Files\Java\jdk1.8.0_131\jre\lib\ext\dnsns.jar;C:\Program Files\Java\jdk1.8.0_131\jre\lib\ext\jaccess.jar;C:\Program Files\Java\jdk1.8.0_131\jre\lib\ext\jfxrt.jar;C:\Program Files\Java\jdk1.8.0_131\jre\lib\ext\localedata.jar;C:\Program Files\Java\jdk1.8.0_131\jre\lib\ext\nashorn.jar;C:\Program Files\Java\jdk1.8.0_131\jre\lib\ext\sunec.jar;C:\Program Files\Java\jdk1.8.0_131\jre\lib\ext\sunjce_provider.jar;C:\Program Files\Java\jdk1.8.0_131\jre\lib\ext\sunmscapi.jar;C:\Program Files\Java\jdk1.8.0_131\jre\lib\ext\sunpkcs11.jar;C:\Program Files\Java\jdk1.8.0_131\jre\lib\ext\zipfs.jar;C:\Program Files\Java\jdk1.8.0_131\jre\lib\javaws.jar;C:\Program Files\Java\jdk1.8.0_131\jre\lib\jce.jar;C:\Program Files\Java\jdk1.8.0_131\jre\lib\jfr.jar;C:\Program Files\Java\jdk1.8.0_131\jre\lib\jfxswt.jar;C:\Program Files\Java\jdk1.8.0_131\jre\lib\jsse.jar;C:\Program Files\Java\jdk1.8.0_131\jre\lib\management-agent.jar;C:\Program Files\Java\jdk1.8.0_131\jre\lib\plugin.jar;C:\Program Files\Java\jdk1.8.0_131\jre\lib\resources.jar;C:\Program Files\Java\jdk1.8.0_131\jre\lib\rt.jar;C:\Users\Arst\IdeaProjects\config\target\classes;C:\Users\Arst\.m2\repository\org\springframework\cloud\spring-cloud-config-server\2.0.1.RELEASE\spring-cloud-config-server-2.0.1.RELEASE.jar;C:\Users\Arst\.m2\repository\org\springframework\cloud\spring-cloud-config-client\2.0.1.RELEASE\spring-cloud-config-client-2.0.1.RELEASE.jar;C:\Users\Arst\.m2\repository\org\springframework\boot\spring-boot-autoconfigure\2.0.4.RELEASE\spring-boot-autoconfigure-2.0.4.RELEASE.jar;C:\Users\Arst\.m2\repository\org\springframework\cloud\spring-cloud-commons\2.0.1.RELEASE\spring-cloud-commons-2.0.1.RELEASE.jar;C:\Users\Arst\.m2\repository\org\springframework\cl
Launcher Type: SUN_STANDARD

Environment Variables:
JAVA_HOME=C:\Program Files\Java\jdk1.8.0_131
CLASSPATH=C:\Program Files\Java\jdk1.8.0_131\lib;C:\Program Files\Java\jdk1.8.0_131\lib\tools.jar
PATH=C:\Python27\;C:\Python27\Scripts;C:\ProgramData\Oracle\Java\javapath;C:\Program Files (x86)\Intel\iCLS Client\;C:\Program Files\Intel\iCLS Client\;C:\Windows\system32;C:\Windows;C:\Windows\System32\Wbem;C:\Windows\System32\WindowsPowerShell\v1.0\;C:\Program Files (x86)\Intel\Intel(R) Management Engine Components\DAL;C:\Program Files\Intel\Intel(R) Management Engine Components\DAL;C:\Program Files (x86)\Intel\Intel(R) Management Engine Components\IPT;C:\Program Files\Intel\Intel(R) Management Engine Components\IPT;C:\Program Files\Intel\WiFi\bin\;C:\Program Files\Common Files\Intel\WirelessCommon\;C:\Program Files (x86)\Common Files\Lenovo;C:\ProgramData\Lenovo\ReadyApps;C:\Program Files\Java\jdk1.8.0_131\bin;C:\Program Files\TortoiseSVN\bin;C:\Program Files\Git\cmd;C:\Users\Arst\Desktop\China Unicom\SOFTWARE\apache-maven-3.3.9-bin\apache-maven-3.3.9\bin;C:\Program Files\TortoiseGit\bin;C:\Python27;C:\Users\Arst\Desktop\ChinaUnicom\software\consul_1.2.1_windows_amd64;C:\Users\Arst\AppData\Local\Programs\Python\Python36\Scripts\;C:\Users\Arst\AppData\Local\Programs\Python\Python36\;C:\Program Files\Docker Toolbox
USERNAME=Arst
OS=Windows_NT
PROCESSOR_IDENTIFIER=Intel64 Family 6 Model 61 Stepping 4, GenuineIntel



---------------  S Y S T E M  ---------------

OS: Windows 7 , 64 bit Build 7601 (6.1.7601.23807)

CPU:total 4 (initial active 4) (2 cores per cpu, 2 threads per core) family 6 model 61 stepping 4, cmov, cx8, fxsr, mmx, sse, sse2, sse3, ssse3, sse4.1, sse4.2, popcnt, avx, avx2, clmul, erms, rtm, 3dnowpref, lzcnt, ht, tsc, tscinvbit, bmi1, bmi2, adx

Memory: 4k page, physical 8077432k(936372k free), swap 16153004k(2234676k free)

vm_info: Java HotSpot(TM) 64-Bit Server VM (25.131-b11) for windows-amd64 JRE (1.8.0_131-b11), built on Mar 15 2017 01:23:53 by "java_re" with MS VC++ 10.0 (VS2010)

time: Sun Sep 30 10:44:27 2018
elapsed time: 43 seconds (0d 0h 0m 43s)

